<?xml version="1.0" encoding="UTF-8"?>
<!-- Generated by org.testng.reporters.JUnitReportReporter -->
<testsuite hostname="DESKTOP-I5422A4" failures="0" tests="1" name="testCases.TC002_LoginTest" time="3.015" errors="0" timestamp="2024-10-16T12:10:21 IST" skipped="0">
  <testcase classname="testCases.TC002_LoginTest" name="verify_login" time="3.015"/>
</testsuite> <!-- testCases.TC002_LoginTest -->
