<?xml version="1.0" encoding="UTF-8"?>
<!-- Generated by org.testng.reporters.JUnitReportReporter -->
<testsuite hostname="DESKTOP-I5422A4" failures="0" tests="1" name="testCases.TC001_AccountRegistrationTest" time="8.574" errors="0" timestamp="2024-10-16T13:09:17 IST" skipped="0">
  <testcase classname="testCases.TC001_AccountRegistrationTest" name="verify_account_registration" time="8.574"/>
</testsuite> <!-- testCases.TC001_AccountRegistrationTest -->
