<?xml version="1.0" encoding="UTF-8"?>
<!-- Generated by org.testng.reporters.JUnitReportReporter -->
<testsuite hostname="DESKTOP-I5422A4" failures="0" tests="1" name="testCases.TC002_LoginTest" time="2.300" errors="0" timestamp="2024-10-16T13:09:17 IST" skipped="0">
  <testcase classname="testCases.TC002_LoginTest" name="verify_login" time="2.300"/>
</testsuite> <!-- testCases.TC002_LoginTest -->
